<?xml version="1.0" encoding="UTF-8"?>
<!-- Generated by org.testng.reporters.JUnitXMLReporter -->
<testsuite ignored="2" hostname="OPT-LTP-048" failures="0" tests="5" name="Car Loan" time="0.084" errors="0" timestamp="2021-01-31T21:00:37 IST">
  <testcase classname="test.Basics3" name="MobilelogincarLoan" time="0.007"/>
  <testcase classname="test.Basics3" name="MobilesignoutcarLoan" time="0.003"/>
  <testcase classname="test.Basics3" name="MobilesignoutcarLoan" time="0.002"/>
  <testcase classname="test.Basics3" name="MobilesignoutcarLoan" time="0.003"/>
  <testcase classname="test.Basics3" name="WeblogincarLoan" time="0.002"/>
  <testcase classname="test.Basics3" name="MobilesignincarLoan" time="0.0">
    <ignored/>
  </testcase> <!-- MobilesignincarLoan -->
  <testcase classname="test.Basics3" name="ApicarLoan" time="0.0">
    <ignored/>
  </testcase> <!-- ApicarLoan -->
</testsuite> <!-- Car Loan -->
