<?xml version="1.0" encoding="UTF-8"?>
<!-- Generated by org.testng.reporters.JUnitXMLReporter -->
<testsuite ignored="3" hostname="OPT-LTP-048" failures="0" tests="8" name="Regression" time="0.082" errors="0" timestamp="2021-01-28T17:28:45 IST">
  <testcase classname="test.Basics1" name="Demo" time="0.006"/>
  <testcase classname="test.Basics1" name="SecondTest" time="0.001"/>
  <testcase classname="test.Basics3" name="ApicarLoan" time="0.001"/>
  <testcase classname="test.Basics3" name="MobilesignincarLoan" time="0.001"/>
  <testcase classname="test.Basics3" name="MobilesignoutcarLoan" time="0.003"/>
  <testcase classname="test.Basics3" name="WeblogincarLoan" time="0.003"/>
  <testcase classname="test.Basics4" name="LoginApihomeLoan" time="0.002"/>
  <testcase classname="test.Basics4" name="WebloginhomeLoan" time="0.002"/>
  <testcase classname="test.Basics3" name="MobilelogincarLoan" time="0.0">
    <ignored/>
  </testcase> <!-- MobilelogincarLoan -->
  <testcase classname="test.Basics4" name="MobileloginhomeLoan" time="0.0">
    <ignored/>
  </testcase> <!-- MobileloginhomeLoan -->
  <testcase classname="test.Basics2" name="ploan" time="0.0">
    <ignored/>
  </testcase> <!-- ploan -->
</testsuite> <!-- Regression -->
